<?xml version="1.0" encoding="UTF-8"?>
<testsuite name="practical1.NumberToolsTest" tests="2" skipped="0" failures="0" errors="0" timestamp="2023-10-11T13:14:22" hostname="DESKTOP-9C3TC23" time="0.016">
  <properties/>
  <testcase name="testParse" classname="practical1.NumberToolsTest" time="0.006"/>
  <testcase name="testComputeStatistic" classname="practical1.NumberToolsTest" time="0.01"/>
  <system-out><![CDATA[]]></system-out>
  <system-err><![CDATA[]]></system-err>
</testsuite>
